0 info it worked if it ends with ok
1 verbose cli [ '/usr/local/bin/node', '/usr/local/bin/npm', 'run', 'go' ]
2 info using npm@4.0.5
3 info using node@v7.1.0
4 verbose run-script [ 'prego', 'go', 'postgo' ]
5 info lifecycle lulujuju@~prego: lulujuju@
6 silly lifecycle lulujuju@~prego: no script for prego, continuing
7 info lifecycle lulujuju@~go: lulujuju@
8 verbose lifecycle lulujuju@~go: unsafe-perm in lifecycle true
9 verbose lifecycle lulujuju@~go: PATH: /usr/local/lib/node_modules/npm/bin/node-gyp-bin:/home/boyer/Bureau/typescript/node_modules/.bin:/usr/local/sbin:/usr/local/bin:/usr/sbin:/usr/bin:/sbin:/bin:/usr/games:/usr/local/games:/home/boyer/Documents/android-sdk-linux:/home/boyer/Documents/android-sdk-linux/tools:/home/boyer/Documents/android-sdk-linux/platform-tools
10 verbose lifecycle lulujuju@~go: CWD: /home/boyer/Bureau/typescript
11 silly lifecycle lulujuju@~go: Args: [ '-c', 'npm run build && npm run start' ]
12 silly lifecycle lulujuju@~go: Returned: code: 1  signal: null
13 info lifecycle lulujuju@~go: Failed to exec go script
14 verbose stack Error: lulujuju@ go: `npm run build && npm run start`
14 verbose stack Exit status 1
14 verbose stack     at EventEmitter.<anonymous> (/usr/local/lib/node_modules/npm/lib/utils/lifecycle.js:279:16)
14 verbose stack     at emitTwo (events.js:106:13)
14 verbose stack     at EventEmitter.emit (events.js:191:7)
14 verbose stack     at ChildProcess.<anonymous> (/usr/local/lib/node_modules/npm/lib/utils/spawn.js:40:14)
14 verbose stack     at emitTwo (events.js:106:13)
14 verbose stack     at ChildProcess.emit (events.js:191:7)
14 verbose stack     at maybeClose (internal/child_process.js:885:16)
14 verbose stack     at Process.ChildProcess._handle.onexit (internal/child_process.js:226:5)
15 verbose pkgid lulujuju@
16 verbose cwd /home/boyer/Bureau/typescript
17 error Linux 3.19.0-25-generic
18 error argv "/usr/local/bin/node" "/usr/local/bin/npm" "run" "go"
19 error node v7.1.0
20 error npm  v4.0.5
21 error code ELIFECYCLE
22 error lulujuju@ go: `npm run build && npm run start`
22 error Exit status 1
23 error Failed at the lulujuju@ go script 'npm run build && npm run start'.
23 error Make sure you have the latest version of node.js and npm installed.
23 error If you do, this is most likely a problem with the lulujuju package,
23 error not with npm itself.
23 error Tell the author that this fails on your system:
23 error     npm run build && npm run start
23 error You can get information on how to open an issue for this project with:
23 error     npm bugs lulujuju
23 error Or if that isn't available, you can get their info via:
23 error     npm owner ls lulujuju
23 error There is likely additional logging output above.
24 verbose exit [ 1, true ]
